# JRE version: OpenJDK Runtime Environment (11.0.10) (build 11.0.10+0-b96-7249189)
# Java VM: OpenJDK 64-Bit Server VM (11.0.10+0-b96-7249189, mixed mode, tiered, compressed oops, g1 gc, windows-amd64)
Heap:
 garbage-first heap   total 679936K, used 136160K [0x0000000080000000, 0x0000000100000000)
  region size 1024K, 16 young (16384K), 16 survivors (16384K)
 Metaspace       used 97727K, capacity 100375K, committed 100556K, reserved 1136640K
  class space    used 12740K, capacity 13756K, committed 13772K, reserved 1048576K
GC Heap History (20 events):
Event: 12.453 GC heap after
{Heap after GC invocations=30 (full 0):
 garbage-first heap   total 282624K, used 119949K [0x0000000080000000, 0x0000000100000000)
  region size 1024K, 2 young (2048K), 2 survivors (2048K)
 Metaspace       used 94607K, capacity 96942K, committed 97868K, reserved 1134592K
  class space    used 12438K, capacity 13305K, committed 13644K, reserved 1048576K
}
Event: 12.681 GC heap before
{Heap before GC invocations=30 (full 0):
 garbage-first heap   total 282624K, used 210061K [0x0000000080000000, 0x0000000100000000)
  region size 1024K, 90 young (92160K), 2 survivors (2048K)
 Metaspace       used 94967K, capacity 97392K, committed 98124K, reserved 1134592K
  class space    used 12476K, capacity 13370K, committed 13644K, reserved 1048576K
}
Event: 12.685 GC heap after
{Heap after GC invocations=31 (full 0):
 garbage-first heap   total 282624K, used 120608K [0x0000000080000000, 0x0000000100000000)
  region size 1024K, 2 young (2048K), 2 survivors (2048K)
 Metaspace       used 94967K, capacity 97392K, committed 98124K, reserved 1134592K
  class space    used 12476K, capacity 13370K, committed 13644K, reserved 1048576K
}
Event: 12.853 GC heap before
{Heap before GC invocations=31 (full 0):
 garbage-first heap   total 282624K, used 218912K [0x0000000080000000, 0x0000000100000000)
  region size 1024K, 98 young (100352K), 2 survivors (2048K)
 Metaspace       used 95320K, capacity 97768K, committed 98380K, reserved 1134592K
  class space    used 12513K, capacity 13389K, committed 13644K, reserved 1048576K
}
Event: 12.857 GC heap after
{Heap after GC invocations=32 (full 0):
 garbage-first heap   total 282624K, used 121714K [0x0000000080000000, 0x0000000100000000)
  region size 1024K, 3 young (3072K), 3 survivors (3072K)
 Metaspace       used 95320K, capacity 97768K, committed 98380K, reserved 1134592K
  class space    used 12513K, capacity 13389K, committed 13644K, reserved 1048576K
}
Event: 13.121 GC heap before
{Heap before GC invocations=32 (full 0):
 garbage-first heap   total 282624K, used 222066K [0x0000000080000000, 0x0000000100000000)
  region size 1024K, 101 young (103424K), 3 survivors (3072K)
 Metaspace       used 95786K, capacity 98222K, committed 98892K, reserved 1134592K
  class space    used 12561K, capacity 13451K, committed 13644K, reserved 1048576K
}
Event: 13.124 GC heap after
{Heap after GC invocations=33 (full 0):
 garbage-first heap   total 282624K, used 122295K [0x0000000080000000, 0x0000000100000000)
  region size 1024K, 4 young (4096K), 4 survivors (4096K)
 Metaspace       used 95786K, capacity 98222K, committed 98892K, reserved 1134592K
  class space    used 12561K, capacity 13451K, committed 13644K, reserved 1048576K
}
Event: 13.312 GC heap before
{Heap before GC invocations=33 (full 0):
 garbage-first heap   total 282624K, used 226743K [0x0000000080000000, 0x0000000100000000)
  region size 1024K, 106 young (108544K), 4 survivors (4096K)
 Metaspace       used 96111K, capacity 98582K, committed 99276K, reserved 1134592K
  class space    used 12583K, capacity 13504K, committed 13772K, reserved 1048576K
}
Event: 13.316 GC heap after
{Heap after GC invocations=34 (full 0):
 garbage-first heap   total 282624K, used 124296K [0x0000000080000000, 0x0000000100000000)
  region size 1024K, 6 young (6144K), 6 survivors (6144K)
 Metaspace       used 96111K, capacity 98582K, committed 99276K, reserved 1134592K
  class space    used 12583K, capacity 13504K, committed 13772K, reserved 1048576K
}
Event: 13.497 GC heap before
{Heap before GC invocations=34 (full 0):
 garbage-first heap   total 282624K, used 228744K [0x0000000080000000, 0x0000000100000000)
  region size 1024K, 109 young (111616K), 6 survivors (6144K)
 Metaspace       used 96658K, capacity 99112K, committed 99532K, reserved 1134592K
  class space    used 12650K, capacity 13573K, committed 13772K, reserved 1048576K
}
Event: 13.504 GC heap after
{Heap after GC invocations=35 (full 0):
 garbage-first heap   total 282624K, used 125680K [0x0000000080000000, 0x0000000100000000)
  region size 1024K, 7 young (7168K), 7 survivors (7168K)
 Metaspace       used 96658K, capacity 99112K, committed 99532K, reserved 1134592K
  class space    used 12650K, capacity 13573K, committed 13772K, reserved 1048576K
}
Event: 13.684 GC heap before
{Heap before GC invocations=35 (full 0):
 garbage-first heap   total 282624K, used 235248K [0x0000000080000000, 0x0000000100000000)
  region size 1024K, 114 young (116736K), 7 survivors (7168K)
 Metaspace       used 96911K, capacity 99409K, committed 99788K, reserved 1134592K
  class space    used 12655K, capacity 13579K, committed 13772K, reserved 1048576K
}
Event: 13.753 GC heap after
{Heap after GC invocations=36 (full 0):
 garbage-first heap   total 339968K, used 127838K [0x0000000080000000, 0x0000000100000000)
  region size 1024K, 9 young (9216K), 9 survivors (9216K)
 Metaspace       used 96911K, capacity 99409K, committed 99788K, reserved 1134592K
  class space    used 12655K, capacity 13579K, committed 13772K, reserved 1048576K
}
Event: 13.889 GC heap before
{Heap before GC invocations=36 (full 0):
 garbage-first heap   total 339968K, used 252766K [0x0000000080000000, 0x0000000100000000)
  region size 1024K, 131 young (134144K), 9 survivors (9216K)
 Metaspace       used 97190K, capacity 99743K, committed 100044K, reserved 1136640K
  class space    used 12695K, capacity 13646K, committed 13772K, reserved 1048576K
}
Event: 13.898 GC heap after
{Heap after GC invocations=37 (full 0):
 garbage-first heap   total 339968K, used 128829K [0x0000000080000000, 0x0000000100000000)
  region size 1024K, 10 young (10240K), 10 survivors (10240K)
 Metaspace       used 97190K, capacity 99743K, committed 100044K, reserved 1136640K
  class space    used 12695K, capacity 13646K, committed 13772K, reserved 1048576K
}
Event: 14.116 GC heap before
{Heap before GC invocations=37 (full 0):
 garbage-first heap   total 339968K, used 267069K [0x0000000080000000, 0x0000000100000000)
  region size 1024K, 145 young (148480K), 10 survivors (10240K)
 Metaspace       used 97591K, capacity 100230K, committed 100300K, reserved 1136640K
  class space    used 12724K, capacity 13709K, committed 13772K, reserved 1048576K
}
Event: 14.123 GC heap after
{Heap after GC invocations=38 (full 0):
 garbage-first heap   total 339968K, used 129573K [0x0000000080000000, 0x0000000100000000)
  region size 1024K, 11 young (11264K), 11 survivors (11264K)
 Metaspace       used 97591K, capacity 100230K, committed 100300K, reserved 1136640K
  class space    used 12724K, capacity 13709K, committed 13772K, reserved 1048576K
}
Event: 14.310 GC heap before
{Heap before GC invocations=38 (full 0):
 garbage-first heap   total 339968K, used 279077K [0x0000000080000000, 0x0000000100000000)
  region size 1024K, 157 young (160768K), 11 survivors (11264K)
 Metaspace       used 97672K, capacity 100294K, committed 100556K, reserved 1136640K
  class space    used 12735K, capacity 13751K, committed 13772K, reserved 1048576K
}
Event: 14.320 GC heap after
{Heap after GC invocations=39 (full 0):
 garbage-first heap   total 339968K, used 131473K [0x0000000080000000, 0x0000000100000000)
  region size 1024K, 13 young (13312K), 13 survivors (13312K)
 Metaspace       used 97672K, capacity 100294K, committed 100556K, reserved 1136640K
  class space    used 12735K, capacity 13751K, committed 13772K, reserved 1048576K
}
Event: 14.469 GC heap before
{Heap before GC invocations=39 (full 0):
 garbage-first heap   total 339968K, used 287121K [0x0000000080000000, 0x0000000100000000)
  region size 1024K, 166 young (169984K), 13 survivors (13312K)
 Metaspace       used 97727K, capacity 100375K, committed 100556K, reserved 1136640K
  class space    used 12740K, capacity 13756K, committed 13772K, reserved 1048576K
}

