# JRE version: OpenJDK Runtime Environment (11.0.10) (build 11.0.10+0-b96-7249189)
# Java VM: OpenJDK 64-Bit Server VM (11.0.10+0-b96-7249189, mixed mode, tiered, compressed oops, g1 gc, windows-amd64)
Heap:
 garbage-first heap   total 613376K, used 146407K [0x0000000080000000, 0x0000000100000000)
  region size 1024K, 19 young (19456K), 19 survivors (19456K)
 Metaspace       used 98263K, capacity 100996K, committed 101248K, reserved 1136640K
  class space    used 12783K, capacity 13832K, committed 13952K, reserved 1048576K
GC Heap History (20 events):
Event: 15.793 GC heap after
{Heap after GC invocations=43 (full 0):
 garbage-first heap   total 316416K, used 122695K [0x0000000080000000, 0x0000000100000000)
  region size 1024K, 6 young (6144K), 6 survivors (6144K)
 Metaspace       used 96809K, capacity 99440K, committed 99712K, reserved 1134592K
  class space    used 12676K, capacity 13675K, committed 13696K, reserved 1048576K
}
Event: 16.015 GC heap before
{Heap before GC invocations=43 (full 0):
 garbage-first heap   total 316416K, used 245575K [0x0000000080000000, 0x0000000100000000)
  region size 1024K, 127 young (130048K), 6 survivors (6144K)
 Metaspace       used 97155K, capacity 99821K, committed 99968K, reserved 1136640K
  class space    used 12706K, capacity 13690K, committed 13696K, reserved 1048576K
}
Event: 16.022 GC heap after
{Heap after GC invocations=44 (full 0):
 garbage-first heap   total 316416K, used 126002K [0x0000000080000000, 0x0000000100000000)
  region size 1024K, 9 young (9216K), 9 survivors (9216K)
 Metaspace       used 97155K, capacity 99821K, committed 99968K, reserved 1136640K
  class space    used 12706K, capacity 13690K, committed 13696K, reserved 1048576K
}
Event: 16.277 GC heap before
{Heap before GC invocations=44 (full 0):
 garbage-first heap   total 316416K, used 254002K [0x0000000080000000, 0x0000000100000000)
  region size 1024K, 134 young (137216K), 9 survivors (9216K)
 Metaspace       used 97245K, capacity 99845K, committed 99968K, reserved 1136640K
  class space    used 12711K, capacity 13694K, committed 13696K, reserved 1048576K
}
Event: 16.288 GC heap after
{Heap after GC invocations=45 (full 0):
 garbage-first heap   total 379904K, used 127742K [0x0000000080000000, 0x0000000100000000)
  region size 1024K, 11 young (11264K), 11 survivors (11264K)
 Metaspace       used 97245K, capacity 99845K, committed 99968K, reserved 1136640K
  class space    used 12711K, capacity 13694K, committed 13696K, reserved 1048576K
}
Event: 16.524 GC heap before
{Heap before GC invocations=45 (full 0):
 garbage-first heap   total 379904K, used 280318K [0x0000000080000000, 0x0000000100000000)
  region size 1024K, 160 young (163840K), 11 survivors (11264K)
 Metaspace       used 97585K, capacity 100350K, committed 100608K, reserved 1136640K
  class space    used 12770K, capacity 13819K, committed 13824K, reserved 1048576K
}
Event: 16.533 GC heap after
{Heap after GC invocations=46 (full 0):
 garbage-first heap   total 379904K, used 128317K [0x0000000080000000, 0x0000000100000000)
  region size 1024K, 11 young (11264K), 11 survivors (11264K)
 Metaspace       used 97585K, capacity 100350K, committed 100608K, reserved 1136640K
  class space    used 12770K, capacity 13819K, committed 13824K, reserved 1048576K
}
Event: 16.864 GC heap before
{Heap before GC invocations=46 (full 0):
 garbage-first heap   total 379904K, used 314685K [0x0000000080000000, 0x0000000100000000)
  region size 1024K, 194 young (198656K), 11 survivors (11264K)
 Metaspace       used 97800K, capacity 100529K, committed 100736K, reserved 1136640K
  class space    used 12775K, capacity 13827K, committed 13952K, reserved 1048576K
}
Event: 16.874 GC heap after
{Heap after GC invocations=47 (full 0):
 garbage-first heap   total 379904K, used 130193K [0x0000000080000000, 0x0000000100000000)
  region size 1024K, 13 young (13312K), 13 survivors (13312K)
 Metaspace       used 97800K, capacity 100529K, committed 100736K, reserved 1136640K
  class space    used 12775K, capacity 13827K, committed 13952K, reserved 1048576K
}
Event: 17.162 GC heap before
{Heap before GC invocations=47 (full 0):
 garbage-first heap   total 379904K, used 316561K [0x0000000080000000, 0x0000000100000000)
  region size 1024K, 196 young (200704K), 13 survivors (13312K)
 Metaspace       used 97842K, capacity 100601K, committed 100736K, reserved 1136640K
  class space    used 12775K, capacity 13827K, committed 13952K, reserved 1048576K
}
Event: 17.172 GC heap after
{Heap after GC invocations=48 (full 0):
 garbage-first heap   total 379904K, used 129711K [0x0000000080000000, 0x0000000100000000)
  region size 1024K, 13 young (13312K), 13 survivors (13312K)
 Metaspace       used 97842K, capacity 100601K, committed 100736K, reserved 1136640K
  class space    used 12775K, capacity 13827K, committed 13952K, reserved 1048576K
}
Event: 17.458 GC heap before
{Heap before GC invocations=48 (full 0):
 garbage-first heap   total 379904K, used 319151K [0x0000000080000000, 0x0000000100000000)
  region size 1024K, 198 young (202752K), 13 survivors (13312K)
 Metaspace       used 97994K, capacity 100758K, committed 100992K, reserved 1136640K
  class space    used 12776K, capacity 13828K, committed 13952K, reserved 1048576K
}
Event: 17.473 GC heap after
{Heap after GC invocations=49 (full 0):
 garbage-first heap   total 449536K, used 130318K [0x0000000080000000, 0x0000000100000000)
  region size 1024K, 13 young (13312K), 13 survivors (13312K)
 Metaspace       used 97994K, capacity 100758K, committed 100992K, reserved 1136640K
  class space    used 12776K, capacity 13828K, committed 13952K, reserved 1048576K
}
Event: 17.867 GC heap before
{Heap before GC invocations=49 (full 0):
 garbage-first heap   total 449536K, used 380174K [0x0000000080000000, 0x0000000100000000)
  region size 1024K, 257 young (263168K), 13 survivors (13312K)
 Metaspace       used 98163K, capacity 100924K, committed 101248K, reserved 1136640K
  class space    used 12782K, capacity 13831K, committed 13952K, reserved 1048576K
}
Event: 17.893 GC heap after
{Heap after GC invocations=50 (full 0):
 garbage-first heap   total 449536K, used 137617K [0x0000000080000000, 0x0000000100000000)
  region size 1024K, 20 young (20480K), 20 survivors (20480K)
 Metaspace       used 98163K, capacity 100924K, committed 101248K, reserved 1136640K
  class space    used 12782K, capacity 13831K, committed 13952K, reserved 1048576K
}
Event: 18.263 GC heap before
{Heap before GC invocations=50 (full 0):
 garbage-first heap   total 449536K, used 381329K [0x0000000080000000, 0x0000000100000000)
  region size 1024K, 259 young (265216K), 20 survivors (20480K)
 Metaspace       used 98183K, capacity 100925K, committed 101248K, reserved 1136640K
  class space    used 12782K, capacity 13831K, committed 13952K, reserved 1048576K
}
Event: 18.292 GC heap after
{Heap after GC invocations=51 (full 0):
 garbage-first heap   total 449536K, used 142673K [0x0000000080000000, 0x0000000100000000)
  region size 1024K, 22 young (22528K), 22 survivors (22528K)
 Metaspace       used 98183K, capacity 100925K, committed 101248K, reserved 1136640K
  class space    used 12782K, capacity 13831K, committed 13952K, reserved 1048576K
}
Event: 18.956 GC heap before
{Heap before GC invocations=51 (full 0):
 garbage-first heap   total 449536K, used 380241K [0x0000000080000000, 0x0000000100000000)
  region size 1024K, 255 young (261120K), 22 survivors (22528K)
 Metaspace       used 98197K, capacity 100929K, committed 101248K, reserved 1136640K
  class space    used 12783K, capacity 13832K, committed 13952K, reserved 1048576K
}
Event: 18.979 GC heap after
{Heap after GC invocations=52 (full 0):
 garbage-first heap   total 449536K, used 146117K [0x0000000080000000, 0x0000000100000000)
  region size 1024K, 20 young (20480K), 20 survivors (20480K)
 Metaspace       used 98197K, capacity 100929K, committed 101248K, reserved 1136640K
  class space    used 12783K, capacity 13832K, committed 13952K, reserved 1048576K
}
Event: 19.248 GC heap before
{Heap before GC invocations=52 (full 0):
 garbage-first heap   total 449536K, used 383685K [0x0000000080000000, 0x0000000100000000)
  region size 1024K, 252 young (258048K), 20 survivors (20480K)
 Metaspace       used 98263K, capacity 100996K, committed 101248K, reserved 1136640K
  class space    used 12783K, capacity 13832K, committed 13952K, reserved 1048576K
}

