# JRE version: OpenJDK Runtime Environment (11.0.10) (build 11.0.10+0-b96-7249189)
# Java VM: OpenJDK 64-Bit Server VM (11.0.10+0-b96-7249189, mixed mode, tiered, compressed oops, g1 gc, windows-amd64)
Heap:
 garbage-first heap   total 568320K, used 152254K [0x0000000080000000, 0x0000000100000000)
  region size 1024K, 22 young (22528K), 22 survivors (22528K)
 Metaspace       used 106533K, capacity 109613K, committed 109824K, reserved 1144832K
  class space    used 13577K, capacity 14803K, committed 14848K, reserved 1048576K
GC Heap History (20 events):
Event: 18.940 GC heap after
{Heap after GC invocations=48 (full 0):
 garbage-first heap   total 294912K, used 130360K [0x0000000080000000, 0x0000000100000000)
  region size 1024K, 9 young (9216K), 9 survivors (9216K)
 Metaspace       used 104777K, capacity 107776K, committed 107904K, reserved 1142784K
  class space    used 13522K, capacity 14700K, committed 14720K, reserved 1048576K
}
Event: 19.167 GC heap before
{Heap before GC invocations=48 (full 0):
 garbage-first heap   total 294912K, used 247096K [0x0000000080000000, 0x0000000100000000)
  region size 1024K, 123 young (125952K), 9 survivors (9216K)
 Metaspace       used 105316K, capacity 108414K, committed 108544K, reserved 1142784K
  class space    used 13558K, capacity 14777K, committed 14848K, reserved 1048576K
}
Event: 19.175 GC heap after
{Heap after GC invocations=49 (full 0):
 garbage-first heap   total 294912K, used 131594K [0x0000000080000000, 0x0000000100000000)
  region size 1024K, 10 young (10240K), 10 survivors (10240K)
 Metaspace       used 105316K, capacity 108414K, committed 108544K, reserved 1142784K
  class space    used 13558K, capacity 14777K, committed 14848K, reserved 1048576K
}
Event: 19.355 GC heap before
{Heap before GC invocations=49 (full 0):
 garbage-first heap   total 294912K, used 249354K [0x0000000080000000, 0x0000000100000000)
  region size 1024K, 125 young (128000K), 10 survivors (10240K)
 Metaspace       used 105579K, capacity 108632K, committed 108800K, reserved 1142784K
  class space    used 13563K, capacity 14781K, committed 14848K, reserved 1048576K
}
Event: 19.366 GC heap after
{Heap after GC invocations=50 (full 0):
 garbage-first heap   total 354304K, used 133402K [0x0000000080000000, 0x0000000100000000)
  region size 1024K, 10 young (10240K), 10 survivors (10240K)
 Metaspace       used 105579K, capacity 108632K, committed 108800K, reserved 1142784K
  class space    used 13563K, capacity 14781K, committed 14848K, reserved 1048576K
}
Event: 19.586 GC heap before
{Heap before GC invocations=50 (full 0):
 garbage-first heap   total 354304K, used 293146K [0x0000000080000000, 0x0000000100000000)
  region size 1024K, 167 young (171008K), 10 survivors (10240K)
 Metaspace       used 105895K, capacity 108936K, committed 109056K, reserved 1142784K
  class space    used 13565K, capacity 14785K, committed 14848K, reserved 1048576K
}
Event: 19.597 GC heap after
{Heap after GC invocations=51 (full 0):
 garbage-first heap   total 354304K, used 137322K [0x0000000080000000, 0x0000000100000000)
  region size 1024K, 14 young (14336K), 14 survivors (14336K)
 Metaspace       used 105895K, capacity 108936K, committed 109056K, reserved 1142784K
  class space    used 13565K, capacity 14785K, committed 14848K, reserved 1048576K
}
Event: 19.803 GC heap before
{Heap before GC invocations=51 (full 0):
 garbage-first heap   total 354304K, used 299114K [0x0000000080000000, 0x0000000100000000)
  region size 1024K, 172 young (176128K), 14 survivors (14336K)
 Metaspace       used 106052K, capacity 109140K, committed 109312K, reserved 1144832K
  class space    used 13566K, capacity 14786K, committed 14848K, reserved 1048576K
}
Event: 19.814 GC heap after
{Heap after GC invocations=52 (full 0):
 garbage-first heap   total 354304K, used 139300K [0x0000000080000000, 0x0000000100000000)
  region size 1024K, 14 young (14336K), 14 survivors (14336K)
 Metaspace       used 106052K, capacity 109140K, committed 109312K, reserved 1144832K
  class space    used 13566K, capacity 14786K, committed 14848K, reserved 1048576K
}
Event: 19.960 GC heap before
{Heap before GC invocations=52 (full 0):
 garbage-first heap   total 354304K, used 301092K [0x0000000080000000, 0x0000000100000000)
  region size 1024K, 172 young (176128K), 14 survivors (14336K)
 Metaspace       used 106135K, capacity 109224K, committed 109312K, reserved 1144832K
  class space    used 13566K, capacity 14786K, committed 14848K, reserved 1048576K
}
Event: 19.971 GC heap after
{Heap after GC invocations=53 (full 0):
 garbage-first heap   total 354304K, used 141133K [0x0000000080000000, 0x0000000100000000)
  region size 1024K, 13 young (13312K), 13 survivors (13312K)
 Metaspace       used 106135K, capacity 109224K, committed 109312K, reserved 1144832K
  class space    used 13566K, capacity 14786K, committed 14848K, reserved 1048576K
}
Event: 20.136 GC heap before
{Heap before GC invocations=53 (full 0):
 garbage-first heap   total 354304K, used 301901K [0x0000000080000000, 0x0000000100000000)
  region size 1024K, 171 young (175104K), 13 survivors (13312K)
 Metaspace       used 106210K, capacity 109310K, committed 109568K, reserved 1144832K
  class space    used 13568K, capacity 14789K, committed 14848K, reserved 1048576K
}
Event: 20.148 GC heap after
{Heap after GC invocations=54 (full 0):
 garbage-first heap   total 502784K, used 141441K [0x0000000080000000, 0x0000000100000000)
  region size 1024K, 12 young (12288K), 12 survivors (12288K)
 Metaspace       used 106210K, capacity 109310K, committed 109568K, reserved 1144832K
  class space    used 13568K, capacity 14789K, committed 14848K, reserved 1048576K
}
Event: 20.755 GC heap before
{Heap before GC invocations=54 (full 0):
 garbage-first heap   total 502784K, used 406657K [0x0000000080000000, 0x0000000100000000)
  region size 1024K, 271 young (277504K), 12 survivors (12288K)
 Metaspace       used 106305K, capacity 109395K, committed 109568K, reserved 1144832K
  class space    used 13571K, capacity 14792K, committed 14848K, reserved 1048576K
}
Event: 20.773 GC heap after
{Heap after GC invocations=55 (full 0):
 garbage-first heap   total 502784K, used 142728K [0x0000000080000000, 0x0000000100000000)
  region size 1024K, 13 young (13312K), 13 survivors (13312K)
 Metaspace       used 106305K, capacity 109395K, committed 109568K, reserved 1144832K
  class space    used 13571K, capacity 14792K, committed 14848K, reserved 1048576K
}
Event: 21.253 GC heap before
{Heap before GC invocations=55 (full 0):
 garbage-first heap   total 502784K, used 421256K [0x0000000080000000, 0x0000000100000000)
  region size 1024K, 285 young (291840K), 13 survivors (13312K)
 Metaspace       used 106353K, capacity 109401K, committed 109568K, reserved 1144832K
  class space    used 13571K, capacity 14792K, committed 14848K, reserved 1048576K
}
Event: 21.265 GC heap after
{Heap after GC invocations=56 (full 0):
 garbage-first heap   total 502784K, used 147140K [0x0000000080000000, 0x0000000100000000)
  region size 1024K, 17 young (17408K), 17 survivors (17408K)
 Metaspace       used 106353K, capacity 109401K, committed 109568K, reserved 1144832K
  class space    used 13571K, capacity 14792K, committed 14848K, reserved 1048576K
}
Event: 21.517 GC heap before
{Heap before GC invocations=56 (full 0):
 garbage-first heap   total 502784K, used 430788K [0x0000000080000000, 0x0000000100000000)
  region size 1024K, 294 young (301056K), 17 survivors (17408K)
 Metaspace       used 106413K, capacity 109486K, committed 109568K, reserved 1144832K
  class space    used 13574K, capacity 14796K, committed 14848K, reserved 1048576K
}
Event: 21.530 GC heap after
{Heap after GC invocations=57 (full 0):
 garbage-first heap   total 502784K, used 149404K [0x0000000080000000, 0x0000000100000000)
  region size 1024K, 20 young (20480K), 20 survivors (20480K)
 Metaspace       used 106413K, capacity 109486K, committed 109568K, reserved 1144832K
  class space    used 13574K, capacity 14796K, committed 14848K, reserved 1048576K
}
Event: 21.806 GC heap before
{Heap before GC invocations=57 (full 0):
 garbage-first heap   total 502784K, used 431004K [0x0000000080000000, 0x0000000100000000)
  region size 1024K, 294 young (301056K), 20 survivors (20480K)
 Metaspace       used 106533K, capacity 109613K, committed 109824K, reserved 1144832K
  class space    used 13577K, capacity 14803K, committed 14848K, reserved 1048576K
}

